2019-08-20 10:24:14,332 DEBUG [org.apache.commons.beanutils.converters.BooleanConverter] - <Setting default value: false>
2019-08-20 10:24:14,333 DEBUG [org.apache.commons.beanutils.converters.BooleanConverter] - <Converting 'Boolean' value 'false' to type 'Boolean'>
2019-08-20 10:24:14,333 DEBUG [org.apache.commons.beanutils.converters.BooleanConverter] - <    No conversion required, value is already a Boolean>
2019-08-20 10:24:14,335 DEBUG [org.apache.commons.beanutils.converters.ByteConverter] - <Setting default value: 0>
2019-08-20 10:24:14,335 DEBUG [org.apache.commons.beanutils.converters.ByteConverter] - <Converting 'Integer' value '0' to type 'Byte'>
2019-08-20 10:24:14,335 DEBUG [org.apache.commons.beanutils.converters.ByteConverter] - <    Converted to Byte value '0'>
2019-08-20 10:24:14,335 DEBUG [org.apache.commons.beanutils.converters.CharacterConverter] - <Setting default value:  >
2019-08-20 10:24:14,336 DEBUG [org.apache.commons.beanutils.converters.CharacterConverter] - <Converting 'Character' value ' ' to type 'Character'>
2019-08-20 10:24:14,336 DEBUG [org.apache.commons.beanutils.converters.CharacterConverter] - <    No conversion required, value is already a Character>
2019-08-20 10:24:14,336 DEBUG [org.apache.commons.beanutils.converters.DoubleConverter] - <Setting default value: 0>
2019-08-20 10:24:14,336 DEBUG [org.apache.commons.beanutils.converters.DoubleConverter] - <Converting 'Integer' value '0' to type 'Double'>
2019-08-20 10:24:14,337 DEBUG [org.apache.commons.beanutils.converters.DoubleConverter] - <    Converted to Double value '0.0'>
2019-08-20 10:24:14,338 DEBUG [org.apache.commons.beanutils.converters.FloatConverter] - <Setting default value: 0>
2019-08-20 10:24:14,338 DEBUG [org.apache.commons.beanutils.converters.FloatConverter] - <Converting 'Integer' value '0' to type 'Float'>
2019-08-20 10:24:14,338 DEBUG [org.apache.commons.beanutils.converters.FloatConverter] - <    Converted to Float value '0.0'>
2019-08-20 10:24:14,339 DEBUG [org.apache.commons.beanutils.converters.IntegerConverter] - <Setting default value: 0>
2019-08-20 10:24:14,339 DEBUG [org.apache.commons.beanutils.converters.IntegerConverter] - <Converting 'Integer' value '0' to type 'Integer'>
2019-08-20 10:24:14,339 DEBUG [org.apache.commons.beanutils.converters.IntegerConverter] - <    No conversion required, value is already a Integer>
2019-08-20 10:24:14,339 DEBUG [org.apache.commons.beanutils.converters.LongConverter] - <Setting default value: 0>
2019-08-20 10:24:14,339 DEBUG [org.apache.commons.beanutils.converters.LongConverter] - <Converting 'Integer' value '0' to type 'Long'>
2019-08-20 10:24:14,339 DEBUG [org.apache.commons.beanutils.converters.LongConverter] - <    Converted to Long value '0'>
2019-08-20 10:24:14,340 DEBUG [org.apache.commons.beanutils.converters.ShortConverter] - <Setting default value: 0>
2019-08-20 10:24:14,340 DEBUG [org.apache.commons.beanutils.converters.ShortConverter] - <Converting 'Integer' value '0' to type 'Short'>
2019-08-20 10:24:14,340 DEBUG [org.apache.commons.beanutils.converters.ShortConverter] - <    Converted to Short value '0'>
2019-08-20 10:24:14,340 DEBUG [org.apache.commons.beanutils.converters.BigDecimalConverter] - <Setting default value: 0.0>
2019-08-20 10:24:14,340 DEBUG [org.apache.commons.beanutils.converters.BigDecimalConverter] - <Converting 'BigDecimal' value '0.0' to type 'BigDecimal'>
2019-08-20 10:24:14,340 DEBUG [org.apache.commons.beanutils.converters.BigDecimalConverter] - <    No conversion required, value is already a BigDecimal>
2019-08-20 10:24:14,341 DEBUG [org.apache.commons.beanutils.converters.BigIntegerConverter] - <Setting default value: 0>
2019-08-20 10:24:14,341 DEBUG [org.apache.commons.beanutils.converters.BigIntegerConverter] - <Converting 'BigInteger' value '0' to type 'BigInteger'>
2019-08-20 10:24:14,341 DEBUG [org.apache.commons.beanutils.converters.BigIntegerConverter] - <    No conversion required, value is already a BigInteger>
2019-08-20 10:24:14,341 DEBUG [org.apache.commons.beanutils.converters.BooleanConverter] - <Setting default value: false>
2019-08-20 10:24:14,341 DEBUG [org.apache.commons.beanutils.converters.BooleanConverter] - <Converting 'Boolean' value 'false' to type 'Boolean'>
2019-08-20 10:24:14,341 DEBUG [org.apache.commons.beanutils.converters.BooleanConverter] - <    No conversion required, value is already a Boolean>
2019-08-20 10:24:14,341 DEBUG [org.apache.commons.beanutils.converters.ByteConverter] - <Setting default value: 0>
2019-08-20 10:24:14,341 DEBUG [org.apache.commons.beanutils.converters.ByteConverter] - <Converting 'Integer' value '0' to type 'Byte'>
2019-08-20 10:24:14,341 DEBUG [org.apache.commons.beanutils.converters.ByteConverter] - <    Converted to Byte value '0'>
2019-08-20 10:24:14,344 DEBUG [org.apache.commons.beanutils.converters.CharacterConverter] - <Setting default value:  >
2019-08-20 10:24:14,344 DEBUG [org.apache.commons.beanutils.converters.CharacterConverter] - <Converting 'Character' value ' ' to type 'Character'>
2019-08-20 10:24:14,344 DEBUG [org.apache.commons.beanutils.converters.CharacterConverter] - <    No conversion required, value is already a Character>
2019-08-20 10:24:14,344 DEBUG [org.apache.commons.beanutils.converters.DoubleConverter] - <Setting default value: 0>
2019-08-20 10:24:14,344 DEBUG [org.apache.commons.beanutils.converters.DoubleConverter] - <Converting 'Integer' value '0' to type 'Double'>
2019-08-20 10:24:14,344 DEBUG [org.apache.commons.beanutils.converters.DoubleConverter] - <    Converted to Double value '0.0'>
2019-08-20 10:24:14,344 DEBUG [org.apache.commons.beanutils.converters.FloatConverter] - <Setting default value: 0>
2019-08-20 10:24:14,344 DEBUG [org.apache.commons.beanutils.converters.FloatConverter] - <Converting 'Integer' value '0' to type 'Float'>
2019-08-20 10:24:14,344 DEBUG [org.apache.commons.beanutils.converters.FloatConverter] - <    Converted to Float value '0.0'>
2019-08-20 10:24:14,344 DEBUG [org.apache.commons.beanutils.converters.IntegerConverter] - <Setting default value: 0>
2019-08-20 10:24:14,344 DEBUG [org.apache.commons.beanutils.converters.IntegerConverter] - <Converting 'Integer' value '0' to type 'Integer'>
2019-08-20 10:24:14,344 DEBUG [org.apache.commons.beanutils.converters.IntegerConverter] - <    No conversion required, value is already a Integer>
2019-08-20 10:24:14,344 DEBUG [org.apache.commons.beanutils.converters.LongConverter] - <Setting default value: 0>
2019-08-20 10:24:14,344 DEBUG [org.apache.commons.beanutils.converters.LongConverter] - <Converting 'Integer' value '0' to type 'Long'>
2019-08-20 10:24:14,344 DEBUG [org.apache.commons.beanutils.converters.LongConverter] - <    Converted to Long value '0'>
2019-08-20 10:24:14,345 DEBUG [org.apache.commons.beanutils.converters.ShortConverter] - <Setting default value: 0>
2019-08-20 10:24:14,345 DEBUG [org.apache.commons.beanutils.converters.ShortConverter] - <Converting 'Integer' value '0' to type 'Short'>
2019-08-20 10:24:14,345 DEBUG [org.apache.commons.beanutils.converters.ShortConverter] - <    Converted to Short value '0'>
2019-08-20 10:24:14,345 DEBUG [org.apache.commons.beanutils.converters.StringConverter] - <Setting default value: >
2019-08-20 10:24:14,345 DEBUG [org.apache.commons.beanutils.converters.StringConverter] - <Converting 'String' value '' to type 'String'>
2019-08-20 10:24:14,349 DEBUG [org.apache.commons.beanutils.converters.ArrayConverter] - <Setting default value: [Z@3a03464>
2019-08-20 10:24:14,349 DEBUG [org.apache.commons.beanutils.converters.ArrayConverter] - <Converting 'boolean[]' value '[Z@3a03464' to type 'boolean[]'>
2019-08-20 10:24:14,349 DEBUG [org.apache.commons.beanutils.converters.ArrayConverter] - <    No conversion required, value is already a boolean[]>
2019-08-20 10:24:14,349 DEBUG [org.apache.commons.beanutils.converters.ArrayConverter] - <Setting default value: [B@2d3fcdbd>
2019-08-20 10:24:14,350 DEBUG [org.apache.commons.beanutils.converters.ArrayConverter] - <Converting 'byte[]' value '[B@2d3fcdbd' to type 'byte[]'>
2019-08-20 10:24:14,350 DEBUG [org.apache.commons.beanutils.converters.ArrayConverter] - <    No conversion required, value is already a byte[]>
2019-08-20 10:24:14,350 DEBUG [org.apache.commons.beanutils.converters.ArrayConverter] - <Setting default value: [C@617c74e5>
2019-08-20 10:24:14,350 DEBUG [org.apache.commons.beanutils.converters.ArrayConverter] - <Converting 'char[]' value '[C@617c74e5' to type 'char[]'>
2019-08-20 10:24:14,350 DEBUG [org.apache.commons.beanutils.converters.ArrayConverter] - <    No conversion required, value is already a char[]>
2019-08-20 10:24:14,350 DEBUG [org.apache.commons.beanutils.converters.ArrayConverter] - <Setting default value: [D@6537cf78>
2019-08-20 10:24:14,350 DEBUG [org.apache.commons.beanutils.converters.ArrayConverter] - <Converting 'double[]' value '[D@6537cf78' to type 'double[]'>
2019-08-20 10:24:14,350 DEBUG [org.apache.commons.beanutils.converters.ArrayConverter] - <    No conversion required, value is already a double[]>
2019-08-20 10:24:14,350 DEBUG [org.apache.commons.beanutils.converters.ArrayConverter] - <Setting default value: [F@67b6d4ae>
2019-08-20 10:24:14,350 DEBUG [org.apache.commons.beanutils.converters.ArrayConverter] - <Converting 'float[]' value '[F@67b6d4ae' to type 'float[]'>
2019-08-20 10:24:14,350 DEBUG [org.apache.commons.beanutils.converters.ArrayConverter] - <    No conversion required, value is already a float[]>
2019-08-20 10:24:14,350 DEBUG [org.apache.commons.beanutils.converters.ArrayConverter] - <Setting default value: [I@34b7bfc0>
2019-08-20 10:24:14,350 DEBUG [org.apache.commons.beanutils.converters.ArrayConverter] - <Converting 'int[]' value '[I@34b7bfc0' to type 'int[]'>
2019-08-20 10:24:14,350 DEBUG [org.apache.commons.beanutils.converters.ArrayConverter] - <    No conversion required, value is already a int[]>
2019-08-20 10:24:14,350 DEBUG [org.apache.commons.beanutils.converters.ArrayConverter] - <Setting default value: [J@366e2eef>
2019-08-20 10:24:14,350 DEBUG [org.apache.commons.beanutils.converters.ArrayConverter] - <Converting 'long[]' value '[J@366e2eef' to type 'long[]'>
2019-08-20 10:24:14,350 DEBUG [org.apache.commons.beanutils.converters.ArrayConverter] - <    No conversion required, value is already a long[]>
2019-08-20 10:24:14,350 DEBUG [org.apache.commons.beanutils.converters.ArrayConverter] - <Setting default value: [S@6df97b55>
2019-08-20 10:24:14,351 DEBUG [org.apache.commons.beanutils.converters.ArrayConverter] - <Converting 'short[]' value '[S@6df97b55' to type 'short[]'>
2019-08-20 10:24:14,351 DEBUG [org.apache.commons.beanutils.converters.ArrayConverter] - <    No conversion required, value is already a short[]>
2019-08-20 10:24:14,351 DEBUG [org.apache.commons.beanutils.converters.ArrayConverter] - <Setting default value: [Ljava.math.BigDecimal;@3cbbc1e0>
2019-08-20 10:24:14,351 DEBUG [org.apache.commons.beanutils.converters.ArrayConverter] - <Converting 'BigDecimal[]' value '[Ljava.math.BigDecimal;@3cbbc1e0' to type 'BigDecimal[]'>
2019-08-20 10:24:14,351 DEBUG [org.apache.commons.beanutils.converters.ArrayConverter] - <    No conversion required, value is already a BigDecimal[]>
2019-08-20 10:24:14,351 DEBUG [org.apache.commons.beanutils.converters.ArrayConverter] - <Setting default value: [Ljava.math.BigInteger;@35fb3008>
2019-08-20 10:24:14,351 DEBUG [org.apache.commons.beanutils.converters.ArrayConverter] - <Converting 'BigInteger[]' value '[Ljava.math.BigInteger;@35fb3008' to type 'BigInteger[]'>
2019-08-20 10:24:14,351 DEBUG [org.apache.commons.beanutils.converters.ArrayConverter] - <    No conversion required, value is already a BigInteger[]>
2019-08-20 10:24:14,351 DEBUG [org.apache.commons.beanutils.converters.ArrayConverter] - <Setting default value: [Ljava.lang.Boolean;@7225790e>
2019-08-20 10:24:14,351 DEBUG [org.apache.commons.beanutils.converters.ArrayConverter] - <Converting 'Boolean[]' value '[Ljava.lang.Boolean;@7225790e' to type 'Boolean[]'>
2019-08-20 10:24:14,351 DEBUG [org.apache.commons.beanutils.converters.ArrayConverter] - <    No conversion required, value is already a Boolean[]>
2019-08-20 10:24:14,351 DEBUG [org.apache.commons.beanutils.converters.ArrayConverter] - <Setting default value: [Ljava.lang.Byte;@54a097cc>
2019-08-20 10:24:14,351 DEBUG [org.apache.commons.beanutils.converters.ArrayConverter] - <Converting 'Byte[]' value '[Ljava.lang.Byte;@54a097cc' to type 'Byte[]'>
2019-08-20 10:24:14,351 DEBUG [org.apache.commons.beanutils.converters.ArrayConverter] - <    No conversion required, value is already a Byte[]>
2019-08-20 10:24:14,351 DEBUG [org.apache.commons.beanutils.converters.ArrayConverter] - <Setting default value: [Ljava.lang.Character;@36f6e879>
2019-08-20 10:24:14,351 DEBUG [org.apache.commons.beanutils.converters.ArrayConverter] - <Converting 'Character[]' value '[Ljava.lang.Character;@36f6e879' to type 'Character[]'>
2019-08-20 10:24:14,352 DEBUG [org.apache.commons.beanutils.converters.ArrayConverter] - <    No conversion required, value is already a Character[]>
2019-08-20 10:24:14,352 DEBUG [org.apache.commons.beanutils.converters.ArrayConverter] - <Setting default value: [Ljava.lang.Double;@5a61f5df>
2019-08-20 10:24:14,352 DEBUG [org.apache.commons.beanutils.converters.ArrayConverter] - <Converting 'Double[]' value '[Ljava.lang.Double;@5a61f5df' to type 'Double[]'>
2019-08-20 10:24:14,352 DEBUG [org.apache.commons.beanutils.converters.ArrayConverter] - <    No conversion required, value is already a Double[]>
2019-08-20 10:24:14,352 DEBUG [org.apache.commons.beanutils.converters.ArrayConverter] - <Setting default value: [Ljava.lang.Float;@3551a94>
2019-08-20 10:24:14,352 DEBUG [org.apache.commons.beanutils.converters.ArrayConverter] - <Converting 'Float[]' value '[Ljava.lang.Float;@3551a94' to type 'Float[]'>
2019-08-20 10:24:14,352 DEBUG [org.apache.commons.beanutils.converters.ArrayConverter] - <    No conversion required, value is already a Float[]>
2019-08-20 10:24:14,352 DEBUG [org.apache.commons.beanutils.converters.ArrayConverter] - <Setting default value: [Ljava.lang.Integer;@531be3c5>
2019-08-20 10:24:14,352 DEBUG [org.apache.commons.beanutils.converters.ArrayConverter] - <Converting 'Integer[]' value '[Ljava.lang.Integer;@531be3c5' to type 'Integer[]'>
2019-08-20 10:24:14,352 DEBUG [org.apache.commons.beanutils.converters.ArrayConverter] - <    No conversion required, value is already a Integer[]>
2019-08-20 10:24:14,352 DEBUG [org.apache.commons.beanutils.converters.ArrayConverter] - <Setting default value: [Ljava.lang.Long;@52af6cff>
2019-08-20 10:24:14,352 DEBUG [org.apache.commons.beanutils.converters.ArrayConverter] - <Converting 'Long[]' value '[Ljava.lang.Long;@52af6cff' to type 'Long[]'>
2019-08-20 10:24:14,352 DEBUG [org.apache.commons.beanutils.converters.ArrayConverter] - <    No conversion required, value is already a Long[]>
2019-08-20 10:24:14,352 DEBUG [org.apache.commons.beanutils.converters.ArrayConverter] - <Setting default value: [Ljava.lang.Short;@735b478>
2019-08-20 10:24:14,352 DEBUG [org.apache.commons.beanutils.converters.ArrayConverter] - <Converting 'Short[]' value '[Ljava.lang.Short;@735b478' to type 'Short[]'>
2019-08-20 10:24:14,352 DEBUG [org.apache.commons.beanutils.converters.ArrayConverter] - <    No conversion required, value is already a Short[]>
2019-08-20 10:24:14,353 DEBUG [org.apache.commons.beanutils.converters.ArrayConverter] - <Setting default value: [Ljava.lang.String;@2c9f9fb0>
2019-08-20 10:24:14,353 DEBUG [org.apache.commons.beanutils.converters.ArrayConverter] - <Converting 'String[]' value '[Ljava.lang.String;@2c9f9fb0' to type 'String[]'>
2019-08-20 10:24:14,353 DEBUG [org.apache.commons.beanutils.converters.ArrayConverter] - <    No conversion required, value is already a String[]>
2019-08-20 10:24:14,353 DEBUG [org.apache.commons.beanutils.converters.ArrayConverter] - <Setting default value: [Ljava.lang.Class;@2096442d>
2019-08-20 10:24:14,353 DEBUG [org.apache.commons.beanutils.converters.ArrayConverter] - <Converting 'Class[]' value '[Ljava.lang.Class;@2096442d' to type 'Class[]'>
2019-08-20 10:24:14,353 DEBUG [org.apache.commons.beanutils.converters.ArrayConverter] - <    No conversion required, value is already a Class[]>
2019-08-20 10:24:14,353 DEBUG [org.apache.commons.beanutils.converters.ArrayConverter] - <Setting default value: [Ljava.util.Date;@9f70c54>
2019-08-20 10:24:14,353 DEBUG [org.apache.commons.beanutils.converters.ArrayConverter] - <Converting 'Date[]' value '[Ljava.util.Date;@9f70c54' to type 'Date[]'>
2019-08-20 10:24:14,353 DEBUG [org.apache.commons.beanutils.converters.ArrayConverter] - <    No conversion required, value is already a Date[]>
2019-08-20 10:24:14,353 DEBUG [org.apache.commons.beanutils.converters.ArrayConverter] - <Setting default value: [Ljava.util.Calendar;@737996a0>
2019-08-20 10:24:14,353 DEBUG [org.apache.commons.beanutils.converters.ArrayConverter] - <Converting 'Calendar[]' value '[Ljava.util.Calendar;@737996a0' to type 'Calendar[]'>
2019-08-20 10:24:14,353 DEBUG [org.apache.commons.beanutils.converters.ArrayConverter] - <    No conversion required, value is already a Calendar[]>
2019-08-20 10:24:14,353 DEBUG [org.apache.commons.beanutils.converters.ArrayConverter] - <Setting default value: [Ljava.io.File;@50f8360d>
2019-08-20 10:24:14,353 DEBUG [org.apache.commons.beanutils.converters.ArrayConverter] - <Converting 'java.io.File[]' value '[Ljava.io.File;@50f8360d' to type 'java.io.File[]'>
2019-08-20 10:24:14,353 DEBUG [org.apache.commons.beanutils.converters.ArrayConverter] - <    No conversion required, value is already a java.io.File[]>
2019-08-20 10:24:14,353 DEBUG [org.apache.commons.beanutils.converters.ArrayConverter] - <Setting default value: [Ljava.sql.Date;@13c78c0b>
2019-08-20 10:24:14,353 DEBUG [org.apache.commons.beanutils.converters.ArrayConverter] - <Converting 'java.sql.Date[]' value '[Ljava.sql.Date;@13c78c0b' to type 'java.sql.Date[]'>
2019-08-20 10:24:14,353 DEBUG [org.apache.commons.beanutils.converters.ArrayConverter] - <    No conversion required, value is already a java.sql.Date[]>
2019-08-20 10:24:14,354 DEBUG [org.apache.commons.beanutils.converters.ArrayConverter] - <Setting default value: [Ljava.sql.Time;@3dd3bcd>
2019-08-20 10:24:14,354 DEBUG [org.apache.commons.beanutils.converters.ArrayConverter] - <Converting 'java.sql.Time[]' value '[Ljava.sql.Time;@3dd3bcd' to type 'java.sql.Time[]'>
2019-08-20 10:24:14,354 DEBUG [org.apache.commons.beanutils.converters.ArrayConverter] - <    No conversion required, value is already a java.sql.Time[]>
2019-08-20 10:24:14,354 DEBUG [org.apache.commons.beanutils.converters.ArrayConverter] - <Setting default value: [Ljava.sql.Timestamp;@26f67b76>
2019-08-20 10:24:14,354 DEBUG [org.apache.commons.beanutils.converters.ArrayConverter] - <Converting 'java.sql.Timestamp[]' value '[Ljava.sql.Timestamp;@26f67b76' to type 'java.sql.Timestamp[]'>
2019-08-20 10:24:14,354 DEBUG [org.apache.commons.beanutils.converters.ArrayConverter] - <    No conversion required, value is already a java.sql.Timestamp[]>
2019-08-20 10:24:14,354 DEBUG [org.apache.commons.beanutils.converters.ArrayConverter] - <Setting default value: [Ljava.net.URL;@7f560810>
2019-08-20 10:24:14,354 DEBUG [org.apache.commons.beanutils.converters.ArrayConverter] - <Converting 'java.net.URL[]' value '[Ljava.net.URL;@7f560810' to type 'java.net.URL[]'>
2019-08-20 10:24:14,354 DEBUG [org.apache.commons.beanutils.converters.ArrayConverter] - <    No conversion required, value is already a java.net.URL[]>
